  EventHandler.cpp
  GameEngine.cpp
D:\University Y3\6000CEM--Dissertation-Audio-Visualisation-Software\glfw\Game_Engine\GameEngine.cpp(39,10): warning C4305: 'initializing': truncation from 'double' to 'GLfloat'
D:\University Y3\6000CEM--Dissertation-Audio-Visualisation-Software\glfw\Game_Engine\GameEngine.cpp(39,16): warning C4305: 'initializing': truncation from 'double' to 'GLfloat'
D:\University Y3\6000CEM--Dissertation-Audio-Visualisation-Software\glfw\Game_Engine\GameEngine.cpp(40,10): warning C4305: 'initializing': truncation from 'double' to 'GLfloat'
D:\University Y3\6000CEM--Dissertation-Audio-Visualisation-Software\glfw\Game_Engine\GameEngine.cpp(40,17): warning C4305: 'initializing': truncation from 'double' to 'GLfloat'
D:\University Y3\6000CEM--Dissertation-Audio-Visualisation-Software\glfw\Game_Engine\GameEngine.cpp(41,10): warning C4305: 'initializing': truncation from 'double' to 'GLfloat'
D:\University Y3\6000CEM--Dissertation-Audio-Visualisation-Software\glfw\Game_Engine\GameEngine.cpp(41,15): warning C4305: 'initializing': truncation from 'double' to 'GLfloat'
  imgui.cpp
  imgui_demo.cpp
  imgui_draw.cpp
  imgui_impl_glfw.cpp
  imgui_impl_opengl3.cpp
  imgui_tables.cpp
  imgui_widgets.cpp
  Main.cpp
  PhysicsSystem.cpp
  Generating Code...
  gl3w.c
LINK : warning LNK4098: defaultlib 'MSVCRT' conflicts with use of other libs; use /NODEFAULTLIB:library
  Game_Engine.vcxproj -> D:\University Y3\6000CEM--Dissertation-Audio-Visualisation-Software\glfw\Game_Engine\x64\Debug\Game_Engine.exe
