d:\kneul\6000cem--dissertation-audio-visualisation-software\glfw\visualisation_application\x64\debug\vc143.pdb
d:\kneul\6000cem--dissertation-audio-visualisation-software\glfw\visualisation_application\x64\debug\vc143.idb
d:\kneul\6000cem--dissertation-audio-visualisation-software\glfw\visualisation_application\x64\debug\main.obj
d:\kneul\6000cem--dissertation-audio-visualisation-software\glfw\visualisation_application\x64\debug\imgui_widgets.obj
d:\kneul\6000cem--dissertation-audio-visualisation-software\glfw\visualisation_application\x64\debug\imgui_tables.obj
d:\kneul\6000cem--dissertation-audio-visualisation-software\glfw\visualisation_application\x64\debug\imgui_impl_opengl3.obj
d:\kneul\6000cem--dissertation-audio-visualisation-software\glfw\visualisation_application\x64\debug\imgui_impl_glfw.obj
d:\kneul\6000cem--dissertation-audio-visualisation-software\glfw\visualisation_application\x64\debug\imgui_draw.obj
d:\kneul\6000cem--dissertation-audio-visualisation-software\glfw\visualisation_application\x64\debug\imgui_demo.obj
d:\kneul\6000cem--dissertation-audio-visualisation-software\glfw\visualisation_application\x64\debug\imgui.obj
d:\kneul\6000cem--dissertation-audio-visualisation-software\glfw\visualisation_application\x64\debug\application.obj
d:\kneul\6000cem--dissertation-audio-visualisation-software\glfw\visualisation_application\x64\debug\eventhandler.obj
d:\kneul\6000cem--dissertation-audio-visualisation-software\glfw\visualisation_application\x64\debug\gl3w.obj
d:\kneul\6000cem--dissertation-audio-visualisation-software\glfw\visualisation_application\x64\debug\gameengine.obj
d:\kneul\6000cem--dissertation-audio-visualisation-software\glfw\visualisation_application\x64\debug\physicssystem.obj
d:\kneul\6000cem--dissertation-audio-visualisation-software\glfw\visualisation_application\x64\debug\game_engine.ilk
d:\kneul\6000cem--dissertation-audio-visualisation-software\glfw\visualisation_application\x64\debug\game_engine.pdb
d:\kneul\6000cem--dissertation-audio-visualisation-software\glfw\visualisation_application\x64\debug\visualisation_application.pdb
d:\kneul\6000cem--dissertation-audio-visualisation-software\glfw\visualisation_application\x64\debug\visualis.1ec75e8f.tlog\cl.command.1.tlog
d:\kneul\6000cem--dissertation-audio-visualisation-software\glfw\visualisation_application\x64\debug\visualis.1ec75e8f.tlog\cl.items.tlog
d:\kneul\6000cem--dissertation-audio-visualisation-software\glfw\visualisation_application\x64\debug\visualis.1ec75e8f.tlog\cl.read.1.tlog
d:\kneul\6000cem--dissertation-audio-visualisation-software\glfw\visualisation_application\x64\debug\visualis.1ec75e8f.tlog\cl.write.1.tlog
d:\kneul\6000cem--dissertation-audio-visualisation-software\glfw\visualisation_application\x64\debug\visualis.1ec75e8f.tlog\link.8228-cvtres.read.1.tlog
d:\kneul\6000cem--dissertation-audio-visualisation-software\glfw\visualisation_application\x64\debug\visualis.1ec75e8f.tlog\link.8228-cvtres.write.1.tlog
d:\kneul\6000cem--dissertation-audio-visualisation-software\glfw\visualisation_application\x64\debug\visualis.1ec75e8f.tlog\link.8228-rc.read.1.tlog
d:\kneul\6000cem--dissertation-audio-visualisation-software\glfw\visualisation_application\x64\debug\visualis.1ec75e8f.tlog\link.8228-rc.write.1.tlog
d:\kneul\6000cem--dissertation-audio-visualisation-software\glfw\visualisation_application\x64\debug\visualis.1ec75e8f.tlog\link.8228.read.1.tlog
d:\kneul\6000cem--dissertation-audio-visualisation-software\glfw\visualisation_application\x64\debug\visualis.1ec75e8f.tlog\link.8228.read.2.tlog
d:\kneul\6000cem--dissertation-audio-visualisation-software\glfw\visualisation_application\x64\debug\visualis.1ec75e8f.tlog\link.8228.write.1.tlog
d:\kneul\6000cem--dissertation-audio-visualisation-software\glfw\visualisation_application\x64\debug\visualis.1ec75e8f.tlog\link.command.1.tlog
d:\kneul\6000cem--dissertation-audio-visualisation-software\glfw\visualisation_application\x64\debug\visualis.1ec75e8f.tlog\link.read.1.tlog
d:\kneul\6000cem--dissertation-audio-visualisation-software\glfw\visualisation_application\x64\debug\visualis.1ec75e8f.tlog\link.write.1.tlog
