C:\Program Files\Microsoft Visual Studio\2022\Professional\MSBuild\Microsoft\VC\v170\Microsoft.CppBuild.targets(531,5): warning MSB8028: The intermediate directory (x64\Debug\) contains files shared from another project (Game_Engine.vcxproj).  This can lead to incorrect clean and rebuild behavior.
  Application.cpp
<<<<<<< HEAD
D:\University Y3\6000CEM--Dissertation-Audio-Visualisation-Software\glfw\Visualisation_Application\Application.cpp(39,10): warning C4305: 'initializing': truncation from 'double' to 'GLfloat'
D:\University Y3\6000CEM--Dissertation-Audio-Visualisation-Software\glfw\Visualisation_Application\Application.cpp(39,16): warning C4305: 'initializing': truncation from 'double' to 'GLfloat'
D:\University Y3\6000CEM--Dissertation-Audio-Visualisation-Software\glfw\Visualisation_Application\Application.cpp(40,10): warning C4305: 'initializing': truncation from 'double' to 'GLfloat'
D:\University Y3\6000CEM--Dissertation-Audio-Visualisation-Software\glfw\Visualisation_Application\Application.cpp(40,17): warning C4305: 'initializing': truncation from 'double' to 'GLfloat'
D:\University Y3\6000CEM--Dissertation-Audio-Visualisation-Software\glfw\Visualisation_Application\Application.cpp(41,10): warning C4305: 'initializing': truncation from 'double' to 'GLfloat'
D:\University Y3\6000CEM--Dissertation-Audio-Visualisation-Software\glfw\Visualisation_Application\Application.cpp(41,15): warning C4305: 'initializing': truncation from 'double' to 'GLfloat'
  imgui_impl_glfw.cpp
  Main.cpp
  Generating Code...
Application.obj : error LNK2019: unresolved external symbol glfwInit referenced in function "public: void __cdecl Application::InitEngine(void)" (?InitEngine@Application@@QEAAXXZ)
Application.obj : error LNK2019: unresolved external symbol glfwWindowHint referenced in function "public: void __cdecl Application::InitEngine(void)" (?InitEngine@Application@@QEAAXXZ)
Application.obj : error LNK2019: unresolved external symbol glfwCreateWindow referenced in function "public: void __cdecl Application::InitEngine(void)" (?InitEngine@Application@@QEAAXXZ)
Application.obj : error LNK2019: unresolved external symbol glfwDestroyWindow referenced in function "public: void __cdecl Application::InitEngine(void)" (?InitEngine@Application@@QEAAXXZ)
Application.obj : error LNK2019: unresolved external symbol glfwWindowShouldClose referenced in function "public: void __cdecl Application::InitEngine(void)" (?InitEngine@Application@@QEAAXXZ)
Application.obj : error LNK2019: unresolved external symbol glfwSetWindowAttrib referenced in function "public: void __cdecl Application::InitEngine(void)" (?InitEngine@Application@@QEAAXXZ)
Application.obj : error LNK2019: unresolved external symbol glfwPollEvents referenced in function "public: void __cdecl Application::InitEngine(void)" (?InitEngine@Application@@QEAAXXZ)
Application.obj : error LNK2019: unresolved external symbol glfwMakeContextCurrent referenced in function "public: void __cdecl Application::InitEngine(void)" (?InitEngine@Application@@QEAAXXZ)
Application.obj : error LNK2019: unresolved external symbol glfwSwapBuffers referenced in function "public: void __cdecl Application::InitEngine(void)" (?InitEngine@Application@@QEAAXXZ)
Application.obj : error LNK2019: unresolved external symbol glfwSwapInterval referenced in function "public: void __cdecl Application::InitEngine(void)" (?InitEngine@Application@@QEAAXXZ)
imgui_impl_glfw.obj : error LNK2019: unresolved external symbol glfwGetError referenced in function "bool __cdecl ImGui_ImplGlfw_Init(struct GLFWwindow *,bool,enum GlfwClientApi)" (?ImGui_ImplGlfw_Init@@YA_NPEAUGLFWwindow@@_NW4GlfwClientApi@@@Z)
imgui_impl_glfw.obj : error LNK2019: unresolved external symbol glfwSetErrorCallback referenced in function "bool __cdecl ImGui_ImplGlfw_Init(struct GLFWwindow *,bool,enum GlfwClientApi)" (?ImGui_ImplGlfw_Init@@YA_NPEAUGLFWwindow@@_NW4GlfwClientApi@@@Z)
imgui_impl_glfw.obj : error LNK2019: unresolved external symbol glfwSetMonitorCallback referenced in function "void __cdecl ImGui_ImplGlfw_InstallCallbacks(struct GLFWwindow *)" (?ImGui_ImplGlfw_InstallCallbacks@@YAXPEAUGLFWwindow@@@Z)
imgui_impl_glfw.obj : error LNK2019: unresolved external symbol glfwGetWindowSize referenced in function "void __cdecl ImGui_ImplGlfw_NewFrame(void)" (?ImGui_ImplGlfw_NewFrame@@YAXXZ)
imgui_impl_glfw.obj : error LNK2019: unresolved external symbol glfwGetFramebufferSize referenced in function "void __cdecl ImGui_ImplGlfw_NewFrame(void)" (?ImGui_ImplGlfw_NewFrame@@YAXXZ)
imgui_impl_glfw.obj : error LNK2019: unresolved external symbol glfwGetWindowAttrib referenced in function "void __cdecl ImGui_ImplGlfw_UpdateMouseData(void)" (?ImGui_ImplGlfw_UpdateMouseData@@YAXXZ)
imgui_impl_glfw.obj : error LNK2019: unresolved external symbol glfwSetWindowFocusCallback referenced in function "void __cdecl ImGui_ImplGlfw_InstallCallbacks(struct GLFWwindow *)" (?ImGui_ImplGlfw_InstallCallbacks@@YAXPEAUGLFWwindow@@@Z)
imgui_impl_glfw.obj : error LNK2019: unresolved external symbol glfwGetInputMode referenced in function "void __cdecl ImGui_ImplGlfw_UpdateMouseCursor(void)" (?ImGui_ImplGlfw_UpdateMouseCursor@@YAXXZ)
imgui_impl_glfw.obj : error LNK2019: unresolved external symbol glfwSetInputMode referenced in function "void __cdecl ImGui_ImplGlfw_UpdateMouseCursor(void)" (?ImGui_ImplGlfw_UpdateMouseCursor@@YAXXZ)
imgui_impl_glfw.obj : error LNK2019: unresolved external symbol glfwGetKeyName referenced in function "int __cdecl ImGui_ImplGlfw_TranslateUntranslatedKey(int,int)" (?ImGui_ImplGlfw_TranslateUntranslatedKey@@YAHHH@Z)
imgui_impl_glfw.obj : error LNK2019: unresolved external symbol glfwGetKey referenced in function "void __cdecl ImGui_ImplGlfw_UpdateKeyModifiers(struct GLFWwindow *)" (?ImGui_ImplGlfw_UpdateKeyModifiers@@YAXPEAUGLFWwindow@@@Z)
imgui_impl_glfw.obj : error LNK2019: unresolved external symbol glfwGetCursorPos referenced in function "void __cdecl ImGui_ImplGlfw_UpdateMouseData(void)" (?ImGui_ImplGlfw_UpdateMouseData@@YAXXZ)
imgui_impl_glfw.obj : error LNK2019: unresolved external symbol glfwSetCursorPos referenced in function "void __cdecl ImGui_ImplGlfw_UpdateMouseData(void)" (?ImGui_ImplGlfw_UpdateMouseData@@YAXXZ)
imgui_impl_glfw.obj : error LNK2019: unresolved external symbol glfwCreateStandardCursor referenced in function "bool __cdecl ImGui_ImplGlfw_Init(struct GLFWwindow *,bool,enum GlfwClientApi)" (?ImGui_ImplGlfw_Init@@YA_NPEAUGLFWwindow@@_NW4GlfwClientApi@@@Z)
imgui_impl_glfw.obj : error LNK2019: unresolved external symbol glfwDestroyCursor referenced in function "void __cdecl ImGui_ImplGlfw_Shutdown(void)" (?ImGui_ImplGlfw_Shutdown@@YAXXZ)
imgui_impl_glfw.obj : error LNK2019: unresolved external symbol glfwSetCursor referenced in function "void __cdecl ImGui_ImplGlfw_UpdateMouseCursor(void)" (?ImGui_ImplGlfw_UpdateMouseCursor@@YAXXZ)
imgui_impl_glfw.obj : error LNK2019: unresolved external symbol glfwSetKeyCallback referenced in function "void __cdecl ImGui_ImplGlfw_InstallCallbacks(struct GLFWwindow *)" (?ImGui_ImplGlfw_InstallCallbacks@@YAXPEAUGLFWwindow@@@Z)
imgui_impl_glfw.obj : error LNK2019: unresolved external symbol glfwSetCharCallback referenced in function "void __cdecl ImGui_ImplGlfw_InstallCallbacks(struct GLFWwindow *)" (?ImGui_ImplGlfw_InstallCallbacks@@YAXPEAUGLFWwindow@@@Z)
imgui_impl_glfw.obj : error LNK2019: unresolved external symbol glfwSetMouseButtonCallback referenced in function "void __cdecl ImGui_ImplGlfw_InstallCallbacks(struct GLFWwindow *)" (?ImGui_ImplGlfw_InstallCallbacks@@YAXPEAUGLFWwindow@@@Z)
imgui_impl_glfw.obj : error LNK2019: unresolved external symbol glfwSetCursorPosCallback referenced in function "void __cdecl ImGui_ImplGlfw_InstallCallbacks(struct GLFWwindow *)" (?ImGui_ImplGlfw_InstallCallbacks@@YAXPEAUGLFWwindow@@@Z)
imgui_impl_glfw.obj : error LNK2019: unresolved external symbol glfwSetCursorEnterCallback referenced in function "void __cdecl ImGui_ImplGlfw_InstallCallbacks(struct GLFWwindow *)" (?ImGui_ImplGlfw_InstallCallbacks@@YAXPEAUGLFWwindow@@@Z)
imgui_impl_glfw.obj : error LNK2019: unresolved external symbol glfwSetScrollCallback referenced in function "void __cdecl ImGui_ImplGlfw_InstallCallbacks(struct GLFWwindow *)" (?ImGui_ImplGlfw_InstallCallbacks@@YAXPEAUGLFWwindow@@@Z)
imgui_impl_glfw.obj : error LNK2019: unresolved external symbol glfwGetGamepadState referenced in function "void __cdecl ImGui_ImplGlfw_UpdateGamepads(void)" (?ImGui_ImplGlfw_UpdateGamepads@@YAXXZ)
imgui_impl_glfw.obj : error LNK2019: unresolved external symbol glfwSetClipboardString referenced in function "void __cdecl ImGui_ImplGlfw_SetClipboardText(void *,char const *)" (?ImGui_ImplGlfw_SetClipboardText@@YAXPEAXPEBD@Z)
imgui_impl_glfw.obj : error LNK2019: unresolved external symbol glfwGetClipboardString referenced in function "char const * __cdecl ImGui_ImplGlfw_GetClipboardText(void *)" (?ImGui_ImplGlfw_GetClipboardText@@YAPEBDPEAX@Z)
imgui_impl_glfw.obj : error LNK2019: unresolved external symbol glfwGetTime referenced in function "void __cdecl ImGui_ImplGlfw_NewFrame(void)" (?ImGui_ImplGlfw_NewFrame@@YAXXZ)
imgui_impl_glfw.obj : error LNK2019: unresolved external symbol glfwGetWin32Window referenced in function "bool __cdecl ImGui_ImplGlfw_Init(struct GLFWwindow *,bool,enum GlfwClientApi)" (?ImGui_ImplGlfw_Init@@YA_NPEAUGLFWwindow@@_NW4GlfwClientApi@@@Z)
lib\glfw3.lib : warning LNK4272: library machine type 'x86' conflicts with target machine type 'x64'
D:\University Y3\6000CEM--Dissertation-Audio-Visualisation-Software\glfw\Visualisation_Application\x64\Debug\Visualisation_Application.exe : fatal error LNK1120: 37 unresolved externals
=======
D:\Kneul\6000CEM--Dissertation-Audio-Visualisation-Software\glfw\Visualisation_Application\Application.cpp(39,10): warning C4305: 'initializing': truncation from 'double' to 'GLfloat'
D:\Kneul\6000CEM--Dissertation-Audio-Visualisation-Software\glfw\Visualisation_Application\Application.cpp(39,16): warning C4305: 'initializing': truncation from 'double' to 'GLfloat'
D:\Kneul\6000CEM--Dissertation-Audio-Visualisation-Software\glfw\Visualisation_Application\Application.cpp(40,10): warning C4305: 'initializing': truncation from 'double' to 'GLfloat'
D:\Kneul\6000CEM--Dissertation-Audio-Visualisation-Software\glfw\Visualisation_Application\Application.cpp(40,17): warning C4305: 'initializing': truncation from 'double' to 'GLfloat'
D:\Kneul\6000CEM--Dissertation-Audio-Visualisation-Software\glfw\Visualisation_Application\Application.cpp(41,10): warning C4305: 'initializing': truncation from 'double' to 'GLfloat'
D:\Kneul\6000CEM--Dissertation-Audio-Visualisation-Software\glfw\Visualisation_Application\Application.cpp(41,15): warning C4305: 'initializing': truncation from 'double' to 'GLfloat'
  Visualisation_Application.vcxproj -> D:\Kneul\6000CEM--Dissertation-Audio-Visualisation-Software\glfw\Visualisation_Application\x64\Debug\Visualisation_Application.exe
>>>>>>> e9f1a89291b815df68aaa2fdaa65c316b878c409
